<?xml version="1.0" encoding="UTF-8"?>
<!-- Generated by org.testng.reporters.JUnitReportReporter -->
<testsuite hostname="Prakash_Muthu" failures="0" tests="1" name="bdd.test.RunTest" time="160.251" errors="0" timestamp="2023-04-12T12:57:44 IST" skipped="0">
  <testcase classname="bdd.test.RunTest" name="runScenario" time="160.251"/>
  <system-out/>
</testsuite> <!-- bdd.test.RunTest -->
